<?xml version="1.0" encoding="UTF-8"?>
<testng-results ignored="0" total="5" passed="5" failed="0" skipped="0">
  <reporter-output>
  </reporter-output>
  <suite started-at="2026-04-22T16:16:25 IST" name="Default suite" finished-at="2026-04-22T16:16:46 IST" duration-ms="21279">
    <groups>
    </groups>
    <test started-at="2026-04-22T16:16:25 IST" name="Default test" finished-at="2026-04-22T16:16:46 IST" duration-ms="21279">
      <class name="com.test.LoginAndSearch">
        <test-method is-config="true" signature="setup()[pri:0, instance:com.test.LoginAndSearch@765d7657]" started-at="2026-04-22T16:16:26 IST" name="setup" finished-at="2026-04-22T16:16:30 IST" duration-ms="4058" status="PASS">
          <reporter-output>
          </reporter-output>
        </test-method> <!-- setup -->
        <test-method is-config="true" signature="setup()[pri:0, instance:com.test.LoginAndSearch@765d7657]" started-at="2026-04-22T16:16:26 IST" name="setup" finished-at="2026-04-22T16:16:30 IST" duration-ms="4216" status="PASS">
          <reporter-output>
          </reporter-output>
        </test-method> <!-- setup -->
        <test-method signature="invalidLogin(java.lang.String,java.lang.String)[pri:0, instance:com.test.LoginAndSearch@765d7657]" started-at="2026-04-22T16:16:30 IST" name="invalidLogin" data-provider="invalidlogin" finished-at="2026-04-22T16:16:32 IST" duration-ms="2042" status="PASS">
          <params>
            <param index="0">
              <value>
                <![CDATA[myl@gmail.com]]>
              </value>
            </param>
            <param index="1">
              <value>
                <![CDATA[123]]>
              </value>
            </param>
          </params>
          <reporter-output>
          </reporter-output>
        </test-method> <!-- invalidLogin -->
        <test-method signature="invalidLogin(java.lang.String,java.lang.String)[pri:0, instance:com.test.LoginAndSearch@765d7657]" started-at="2026-04-22T16:16:30 IST" name="invalidLogin" data-provider="invalidlogin" finished-at="2026-04-22T16:16:32 IST" duration-ms="2248" status="PASS">
          <params>
            <param index="0">
              <value>
                <![CDATA[mylu]]>
              </value>
            </param>
            <param index="1">
              <value>
                <![CDATA[12345]]>
              </value>
            </param>
          </params>
          <reporter-output>
          </reporter-output>
        </test-method> <!-- invalidLogin -->
        <test-method is-config="true" signature="tearDown()[pri:0, instance:com.test.LoginAndSearch@765d7657]" started-at="2026-04-22T16:16:32 IST" name="tearDown" finished-at="2026-04-22T16:16:32 IST" duration-ms="277" status="PASS">
          <reporter-output>
          </reporter-output>
        </test-method> <!-- tearDown -->
        <test-method is-config="true" signature="tearDown()[pri:0, instance:com.test.LoginAndSearch@765d7657]" started-at="2026-04-22T16:16:32 IST" name="tearDown" finished-at="2026-04-22T16:16:32 IST" duration-ms="194" status="PASS">
          <reporter-output>
          </reporter-output>
        </test-method> <!-- tearDown -->
        <test-method is-config="true" signature="setup()[pri:0, instance:com.test.LoginAndSearch@765d7657]" started-at="2026-04-22T16:16:32 IST" name="setup" finished-at="2026-04-22T16:16:36 IST" duration-ms="3619" status="PASS">
          <reporter-output>
          </reporter-output>
        </test-method> <!-- setup -->
        <test-method signature="invalidSearch(java.lang.String)[pri:0, instance:com.test.LoginAndSearch@765d7657]" started-at="2026-04-22T16:16:36 IST" name="invalidSearch" data-provider="invalidsearch" finished-at="2026-04-22T16:16:37 IST" duration-ms="658" status="PASS">
          <params>
            <param index="0">
              <value>
                <![CDATA[juug]]>
              </value>
            </param>
          </params>
          <reporter-output>
          </reporter-output>
        </test-method> <!-- invalidSearch -->
        <test-method is-config="true" signature="tearDown()[pri:0, instance:com.test.LoginAndSearch@765d7657]" started-at="2026-04-22T16:16:37 IST" name="tearDown" finished-at="2026-04-22T16:16:37 IST" duration-ms="234" status="PASS">
          <reporter-output>
          </reporter-output>
        </test-method> <!-- tearDown -->
        <test-method is-config="true" signature="setup()[pri:0, instance:com.test.LoginAndSearch@765d7657]" started-at="2026-04-22T16:16:37 IST" name="setup" finished-at="2026-04-22T16:16:40 IST" duration-ms="2780" status="PASS">
          <reporter-output>
          </reporter-output>
        </test-method> <!-- setup -->
        <test-method signature="validLogin(java.lang.String,java.lang.String)[pri:0, instance:com.test.LoginAndSearch@765d7657]" started-at="2026-04-22T16:16:40 IST" name="validLogin" data-provider="validlogin" finished-at="2026-04-22T16:16:42 IST" duration-ms="1870" status="PASS">
          <params>
            <param index="0">
              <value>
                <![CDATA[myl@gmail.com]]>
              </value>
            </param>
            <param index="1">
              <value>
                <![CDATA[12345]]>
              </value>
            </param>
          </params>
          <reporter-output>
          </reporter-output>
        </test-method> <!-- validLogin -->
        <test-method is-config="true" signature="tearDown()[pri:0, instance:com.test.LoginAndSearch@765d7657]" started-at="2026-04-22T16:16:42 IST" name="tearDown" finished-at="2026-04-22T16:16:42 IST" duration-ms="223" status="PASS">
          <reporter-output>
          </reporter-output>
        </test-method> <!-- tearDown -->
        <test-method is-config="true" signature="setup()[pri:0, instance:com.test.LoginAndSearch@765d7657]" started-at="2026-04-22T16:16:42 IST" name="setup" finished-at="2026-04-22T16:16:45 IST" duration-ms="3439" status="PASS">
          <reporter-output>
          </reporter-output>
        </test-method> <!-- setup -->
        <test-method signature="validSearch(java.lang.String)[pri:0, instance:com.test.LoginAndSearch@765d7657]" started-at="2026-04-22T16:16:45 IST" name="validSearch" data-provider="validsearch" finished-at="2026-04-22T16:16:46 IST" duration-ms="733" status="PASS">
          <params>
            <param index="0">
              <value>
                <![CDATA[mac]]>
              </value>
            </param>
          </params>
          <reporter-output>
          </reporter-output>
        </test-method> <!-- validSearch -->
        <test-method is-config="true" signature="tearDown()[pri:0, instance:com.test.LoginAndSearch@765d7657]" started-at="2026-04-22T16:16:46 IST" name="tearDown" finished-at="2026-04-22T16:16:46 IST" duration-ms="229" status="PASS">
          <reporter-output>
          </reporter-output>
        </test-method> <!-- tearDown -->
      </class> <!-- com.test.LoginAndSearch -->
    </test> <!-- Default test -->
  </suite> <!-- Default suite -->
</testng-results>
