<?xml version="1.0" encoding="UTF-8"?>
<!-- Generated by org.testng.reporters.JUnitReportReporter -->
<testsuite hostname="LAPTOP-QBINBLAF" failures="0" tests="3" name="com.test.LoginTest" time="24.226" errors="0" timestamp="2026-04-21T15:43:48 IST" skipped="0">
  <testcase classname="com.test.LoginTest" name="Invalid1" time="6.246"/>
  <testcase classname="com.test.LoginTest" name="Invalid1" time="9.637"/>
  <testcase classname="com.test.LoginTest" name="valid" time="8.343"/>
</testsuite> <!-- com.test.LoginTest -->
