<?xml version="1.0" encoding="UTF-8"?>
<!-- Generated by org.testng.reporters.JUnitReportReporter -->
<testsuite hostname="LAPTOP-QBINBLAF" failures="0" tests="3" name="com.test.LoginTest" time="48.128" errors="0" timestamp="2026-04-27T23:36:42 IST" skipped="0">
  <testcase classname="com.test.LoginTest" name="Invalid1" time="17.284"/>
  <testcase classname="com.test.LoginTest" name="Invalid1" time="7.788"/>
  <testcase classname="com.test.LoginTest" name="valid" time="23.056"/>
</testsuite> <!-- com.test.LoginTest -->
