<?xml version="1.0" encoding="UTF-8"?>
<testng-results ignored="0" total="1" passed="1" failed="0" skipped="0">
  <reporter-output>
  </reporter-output>
  <suite started-at="2026-04-20T00:31:03 IST" name="Default suite" finished-at="2026-04-20T00:31:08 IST" duration-ms="4991">
    <groups>
    </groups>
    <test started-at="2026-04-20T00:31:03 IST" name="Default test" finished-at="2026-04-20T00:31:08 IST" duration-ms="4991">
      <class name="com.test.SoftAssertionDemo">
        <test-method is-config="true" signature="beforeMethod()[pri:0, instance:com.test.SoftAssertionDemo@4218d6a3]" started-at="2026-04-20T00:31:03 IST" name="beforeMethod" finished-at="2026-04-20T00:31:08 IST" duration-ms="4665" status="PASS">
          <reporter-output>
          </reporter-output>
        </test-method> <!-- beforeMethod -->
        <test-method signature="verifyTitle()[pri:0, instance:com.test.SoftAssertionDemo@4218d6a3]" started-at="2026-04-20T00:31:08 IST" name="verifyTitle" finished-at="2026-04-20T00:31:08 IST" duration-ms="51" status="PASS">
          <reporter-output>
          </reporter-output>
        </test-method> <!-- verifyTitle -->
        <test-method is-config="true" signature="afterMethod()[pri:0, instance:com.test.SoftAssertionDemo@4218d6a3]" started-at="2026-04-20T00:31:08 IST" name="afterMethod" finished-at="2026-04-20T00:31:08 IST" duration-ms="227" status="PASS">
          <reporter-output>
          </reporter-output>
        </test-method> <!-- afterMethod -->
      </class> <!-- com.test.SoftAssertionDemo -->
    </test> <!-- Default test -->
  </suite> <!-- Default suite -->
</testng-results>
