<?xml version="1.0" encoding="UTF-8"?>
<testng-results ignored="0" total="3" passed="3" failed="0" skipped="0">
  <reporter-output>
  </reporter-output>
  <suite started-at="2026-04-20T16:43:05 IST" name="Suite" finished-at="2026-04-20T16:43:17 IST" duration-ms="12437">
    <groups>
    </groups>
    <test started-at="2026-04-20T16:43:05 IST" name="Test" finished-at="2026-04-20T16:43:17 IST" duration-ms="12437">
      <class name="com.test.NewTest">
        <test-method is-config="true" signature="setup()[pri:0, instance:com.test.NewTest@47eaca72]" started-at="2026-04-20T16:43:05 IST" name="setup" finished-at="2026-04-20T16:43:10 IST" duration-ms="5299" status="PASS">
          <reporter-output>
          </reporter-output>
        </test-method> <!-- setup -->
        <test-method is-config="true" signature="setup()[pri:0, instance:com.test.NewTest@47eaca72]" started-at="2026-04-20T16:43:05 IST" name="setup" finished-at="2026-04-20T16:43:10 IST" duration-ms="4773" status="PASS">
          <reporter-output>
          </reporter-output>
        </test-method> <!-- setup -->
        <test-method signature="Invalid1(java.lang.String,java.lang.String)[pri:0, instance:com.test.NewTest@47eaca72]" started-at="2026-04-20T16:43:10 IST" name="Invalid1" data-provider="dp" finished-at="2026-04-20T16:43:12 IST" duration-ms="2301" status="PASS">
          <params>
            <param index="0">
              <value>
                <![CDATA[mylu]]>
              </value>
            </param>
            <param index="1">
              <value>
                <![CDATA[myl]]>
              </value>
            </param>
          </params>
          <reporter-output>
          </reporter-output>
        </test-method> <!-- Invalid1 -->
        <test-method signature="valid(java.lang.String,java.lang.String)[pri:0, instance:com.test.NewTest@47eaca72]" started-at="2026-04-20T16:43:10 IST" name="valid" finished-at="2026-04-20T16:43:13 IST" duration-ms="2919" status="PASS">
          <params>
            <param index="0">
              <value>
                <![CDATA[mylu]]>
              </value>
            </param>
            <param index="1">
              <value>
                <![CDATA[myl0616]]>
              </value>
            </param>
          </params>
          <reporter-output>
          </reporter-output>
        </test-method> <!-- valid -->
        <test-method is-config="true" signature="tearDown()[pri:0, instance:com.test.NewTest@47eaca72]" started-at="2026-04-20T16:43:12 IST" name="tearDown" finished-at="2026-04-20T16:43:12 IST" duration-ms="246" status="PASS">
          <reporter-output>
          </reporter-output>
        </test-method> <!-- tearDown -->
        <test-method is-config="true" signature="setup()[pri:0, instance:com.test.NewTest@47eaca72]" started-at="2026-04-20T16:43:12 IST" name="setup" finished-at="2026-04-20T16:43:15 IST" duration-ms="2888" status="PASS">
          <reporter-output>
          </reporter-output>
        </test-method> <!-- setup -->
        <test-method is-config="true" signature="tearDown()[pri:0, instance:com.test.NewTest@47eaca72]" started-at="2026-04-20T16:43:13 IST" name="tearDown" finished-at="2026-04-20T16:43:13 IST" duration-ms="281" status="PASS">
          <reporter-output>
          </reporter-output>
        </test-method> <!-- tearDown -->
        <test-method signature="Invalid1(java.lang.String,java.lang.String)[pri:0, instance:com.test.NewTest@47eaca72]" started-at="2026-04-20T16:43:15 IST" name="Invalid1" data-provider="dp" finished-at="2026-04-20T16:43:17 IST" duration-ms="1994" status="PASS">
          <params>
            <param index="0">
              <value>
                <![CDATA[myl]]>
              </value>
            </param>
            <param index="1">
              <value>
                <![CDATA[myl0616]]>
              </value>
            </param>
          </params>
          <reporter-output>
          </reporter-output>
        </test-method> <!-- Invalid1 -->
        <test-method is-config="true" signature="tearDown()[pri:0, instance:com.test.NewTest@47eaca72]" started-at="2026-04-20T16:43:17 IST" name="tearDown" finished-at="2026-04-20T16:43:17 IST" duration-ms="164" status="PASS">
          <reporter-output>
          </reporter-output>
        </test-method> <!-- tearDown -->
      </class> <!-- com.test.NewTest -->
    </test> <!-- Test -->
  </suite> <!-- Suite -->
</testng-results>
