<?xml version="1.0" encoding="UTF-8"?>
<!-- Generated by org.testng.reporters.JUnitXMLReporter -->
<testsuite ignored="1" hostname="LAPTOP-QBINBLAF" failures="0" tests="2" name="Default test(failed)(failed)" time="8.158" errors="0" timestamp="2026-04-22T14:37:20 IST">
  <testcase classname="com.test.LoginTest" name="Invalid1" time="2.419"/>
  <testcase classname="com.test.LoginTest" name="Invalid1" time="2.407"/>
  <testcase classname="com.test.LoginTest" name="valid" time="0.0">
    <ignored/>
  </testcase> <!-- valid -->
</testsuite> <!-- Default test(failed)(failed) -->
