<?xml version="1.0" encoding="UTF-8"?>
<!-- Generated by org.testng.reporters.JUnitXMLReporter -->
<testsuite ignored="1" hostname="LAPTOP-QBINBLAF" failures="1" tests="1" name="Default test(failed)" time="0.032" errors="0" timestamp="2026-04-22T14:36:39 IST">
  <testcase classname="com.test.LoginTest" name="Invalid1" time="0.0">
    <failure type="org.testng.TestNGException" message="
Method public void com.test.LoginTest.Invalid1(java.lang.String,java.lang.String) requires a @DataProvider named : invalidDat in class com.utilities.DPExcel">
      <![CDATA[org.testng.TestNGException: 
Method public void com.test.LoginTest.Invalid1(java.lang.String,java.lang.String) requires a @DataProvider named : invalidDat in class com.utilities.DPExcel
at java.base/java.util.ArrayList.forEach(ArrayList.java:1596)
... Removed 24 stack frames]]>
    </failure>
  </testcase> <!-- Invalid1 -->
  <testcase classname="com.test.LoginTest" name="valid" time="0.0">
    <ignored/>
  </testcase> <!-- valid -->
</testsuite> <!-- Default test(failed) -->
