<?xml version="1.0" encoding="UTF-8"?>
<testng-results ignored="0" total="2" passed="2" failed="0" skipped="0">
  <reporter-output>
  </reporter-output>
  <suite started-at="2026-04-28T12:59:46 IST" name="Suite" finished-at="2026-04-28T13:00:17 IST" duration-ms="31092">
    <groups>
    </groups>
    <test started-at="2026-04-28T12:59:46 IST" name="Test" finished-at="2026-04-28T13:00:17 IST" duration-ms="31092">
      <class name="com.test.DashboardTest">
        <test-method is-config="true" signature="setUp()[pri:0, instance:com.test.DashboardTest@6025e1b6]" started-at="2026-04-28T12:59:46 IST" name="setUp" finished-at="2026-04-28T12:59:55 IST" duration-ms="8552" status="PASS">
          <reporter-output>
          </reporter-output>
        </test-method> <!-- setUp -->
        <test-method signature="dashboardTest()[pri:0, instance:com.test.DashboardTest@6025e1b6]" started-at="2026-04-28T12:59:55 IST" name="dashboardTest" finished-at="2026-04-28T13:00:08 IST" duration-ms="12808" status="PASS">
          <reporter-output>
          </reporter-output>
        </test-method> <!-- dashboardTest -->
        <test-method is-config="true" signature="afterClass()[pri:0, instance:com.test.DashboardTest@6025e1b6]" started-at="2026-04-28T13:00:08 IST" name="afterClass" finished-at="2026-04-28T13:00:08 IST" duration-ms="284" status="PASS">
          <reporter-output>
          </reporter-output>
        </test-method> <!-- afterClass -->
      </class> <!-- com.test.DashboardTest -->
      <class name="com.test.LoginTest">
        <test-method is-config="true" signature="setUp()[pri:0, instance:com.test.LoginTest@22ff4249]" started-at="2026-04-28T13:00:08 IST" name="setUp" finished-at="2026-04-28T13:00:15 IST" duration-ms="7234" status="PASS">
          <reporter-output>
          </reporter-output>
        </test-method> <!-- setUp -->
        <test-method signature="loginTest()[pri:0, instance:com.test.LoginTest@22ff4249]" started-at="2026-04-28T13:00:15 IST" name="loginTest" finished-at="2026-04-28T13:00:17 IST" duration-ms="1876" status="PASS">
          <reporter-output>
          </reporter-output>
        </test-method> <!-- loginTest -->
        <test-method is-config="true" signature="afterClass()[pri:0, instance:com.test.LoginTest@22ff4249]" started-at="2026-04-28T13:00:17 IST" name="afterClass" finished-at="2026-04-28T13:00:17 IST" duration-ms="290" status="PASS">
          <reporter-output>
          </reporter-output>
        </test-method> <!-- afterClass -->
      </class> <!-- com.test.LoginTest -->
    </test> <!-- Test -->
  </suite> <!-- Suite -->
</testng-results>
