<?xml version="1.0" encoding="UTF-8"?>
<!-- Generated by org.testng.reporters.JUnitXMLReporter -->
<testsuite ignored="0" hostname="LAPTOP-QBINBLAF" failures="1" tests="5" name="Test" time="10.367" errors="0" timestamp="2026-04-22T16:14:15 IST">
  <testcase classname="com.test.LoginAndSearch" name="validSearch" time="2.028"/>
  <testcase classname="com.test.LoginAndSearch" name="invalidSearch" time="1.481">
    <failure type="java.lang.AssertionError" message="expected [There is no product that matches the search criteria. ] but found [There is no product that matches the search criteria.]">
      <![CDATA[java.lang.AssertionError: expected [There is no product that matches the search criteria. ] but found [There is no product that matches the search criteria.]
at com.test.LoginAndSearch.invalidSearch(LoginAndSearch.java:81)
at java.base/java.util.concurrent.ThreadPoolExecutor.runWorker(ThreadPoolExecutor.java:1144)
at java.base/java.util.concurrent.ThreadPoolExecutor$Worker.run(ThreadPoolExecutor.java:642)
at java.base/java.lang.Thread.run(Thread.java:1583)
... Removed 13 stack frames]]>
    </failure>
  </testcase> <!-- invalidSearch -->
  <testcase classname="com.test.LoginAndSearch" name="invalidLogin" time="3.607"/>
  <testcase classname="com.test.LoginAndSearch" name="invalidLogin" time="3.207"/>
  <testcase classname="com.test.LoginAndSearch" name="validLogin" time="3.596"/>
</testsuite> <!-- Test -->
