<?xml version="1.0" encoding="UTF-8"?>
<!-- Generated by org.testng.reporters.JUnitReportReporter -->
<testsuite hostname="LAPTOP-QBINBLAF" failures="0" tests="1" name="com.runner.FailedRun" time="0.084" errors="1" timestamp="2026-05-11T11:25:51 IST" skipped="0">
  <testcase classname="com.runner.FailedRun" name="runScenario" time="0.084">
    <error message="The step &#039;the User on the page &quot;https://opensource-demo.orangehrmlive.com/web/index.php/auth/login&quot;&#039; and 2 other step(s) are undefined.
You can implement these steps using the snippet(s) below:

@Given(&quot;the User on the page {string}&quot;)
public void the_user_on_the_page(String string) {
    // Write code here that turns the phrase above into concrete actions
    throw new io.cucumber.java.PendingException();
}
@When(&quot;the User enters valid username and password and click on login button&quot;)
public void the_user_enters_valid_username_and_password_and_click_on_login_button() {
    // Write code here that turns the phrase above into concrete actions
    throw new io.cucumber.java.PendingException();
}
@Then(&quot;the User should able to login successfully and should see dashboard page&quot;)
public void the_user_should_able_to_login_successfully_and_should_see_dashboard_page() {
    // Write code here that turns the phrase above into concrete actions
    throw new io.cucumber.java.PendingException();
}
" type="io.cucumber.testng.UndefinedStepException">
      <![CDATA[io.cucumber.testng.UndefinedStepException: The step 'the User on the page "https://opensource-demo.orangehrmlive.com/web/index.php/auth/login"' and 2 other step(s) are undefined.
You can implement these steps using the snippet(s) below:

@Given("the User on the page {string}")
public void the_user_on_the_page(String string) {
    // Write code here that turns the phrase above into concrete actions
    throw new io.cucumber.java.PendingException();
}
@When("the User enters valid username and password and click on login button")
public void the_user_enters_valid_username_and_password_and_click_on_login_button() {
    // Write code here that turns the phrase above into concrete actions
    throw new io.cucumber.java.PendingException();
}
@Then("the User should able to login successfully and should see dashboard page")
public void the_user_should_able_to_login_successfully_and_should_see_dashboard_page() {
    // Write code here that turns the phrase above into concrete actions
    throw new io.cucumber.java.PendingException();
}

at ✽.the User on the page "https://opensource-demo.orangehrmlive.com/web/index.php/auth/login"(file:///C:/Users/Mylambigai/Selenium_basic/CucumberPageObjectModel/src/test/resources/featureFiles/Login.feature:5)
]]>
    </error>
  </testcase> <!-- runScenario -->
</testsuite> <!-- com.runner.FailedRun -->
