<?xml version="1.0" encoding="UTF-8"?>
<testng-results ignored="0" total="1" passed="0" failed="1" skipped="0">
  <reporter-output>
  </reporter-output>
  <suite started-at="2026-05-11T11:25:51 IST" name="Default suite" finished-at="2026-05-11T11:25:51 IST" duration-ms="267">
    <groups>
      <group name="cucumber">
        <method signature="AbstractTestNGCucumberTests.runScenario(io.cucumber.testng.PickleWrapper,io.cucumber.testng.FeatureWrapper)[pri:0, instance:com.runner.FailedRun@1787bc24]" name="runScenario" class="io.cucumber.testng.AbstractTestNGCucumberTests"/>
      </group> <!-- cucumber -->
    </groups>
    <test started-at="2026-05-11T11:25:51 IST" name="Default test" finished-at="2026-05-11T11:25:51 IST" duration-ms="267">
      <class name="com.runner.FailedRun">
        <test-method is-config="true" signature="setUpClass(org.testng.ITestContext)[pri:0, instance:com.runner.FailedRun@1787bc24]" started-at="2026-05-11T11:25:51 IST" name="setUpClass" finished-at="2026-05-11T11:25:51 IST" duration-ms="137" status="PASS">
          <params>
            <param index="0">
              <value>
                <![CDATA[org.testng.TestRunner@5167268]]>
              </value>
            </param>
          </params>
          <reporter-output>
          </reporter-output>
        </test-method> <!-- setUpClass -->
        <test-method signature="runScenario(io.cucumber.testng.PickleWrapper,io.cucumber.testng.FeatureWrapper)[pri:0, instance:com.runner.FailedRun@1787bc24]" started-at="2026-05-11T11:25:51 IST" name="runScenario" description="Runs Cucumber Scenarios" data-provider="scenarios" finished-at="2026-05-11T11:25:51 IST" duration-ms="84" status="FAIL">
          <params>
            <param index="0">
              <value>
                <![CDATA["Login with valid credential"]]>
              </value>
            </param>
            <param index="1">
              <value>
                <![CDATA["Login OrangeHRM application"]]>
              </value>
            </param>
          </params>
          <exception class="io.cucumber.testng.UndefinedStepException">
            <message>
              <![CDATA[The step 'the User on the page "https://opensource-demo.orangehrmlive.com/web/index.php/auth/login"' and 2 other step(s) are undefined.
You can implement these steps using the snippet(s) below:

@Given("the User on the page {string}")
public void the_user_on_the_page(String string) {
    // Write code here that turns the phrase above into concrete actions
    throw new io.cucumber.java.PendingException();
}
@When("the User enters valid username and password and click on login button")
public void the_user_enters_valid_username_and_password_and_click_on_login_button() {
    // Write code here that turns the phrase above into concrete actions
    throw new io.cucumber.java.PendingException();
}
@Then("the User should able to login successfully and should see dashboard page")
public void the_user_should_able_to_login_successfully_and_should_see_dashboard_page() {
    // Write code here that turns the phrase above into concrete actions
    throw new io.cucumber.java.PendingException();
}
]]>
            </message>
            <full-stacktrace>
              <![CDATA[io.cucumber.testng.UndefinedStepException: The step 'the User on the page "https://opensource-demo.orangehrmlive.com/web/index.php/auth/login"' and 2 other step(s) are undefined.
You can implement these steps using the snippet(s) below:

@Given("the User on the page {string}")
public void the_user_on_the_page(String string) {
    // Write code here that turns the phrase above into concrete actions
    throw new io.cucumber.java.PendingException();
}
@When("the User enters valid username and password and click on login button")
public void the_user_enters_valid_username_and_password_and_click_on_login_button() {
    // Write code here that turns the phrase above into concrete actions
    throw new io.cucumber.java.PendingException();
}
@Then("the User should able to login successfully and should see dashboard page")
public void the_user_should_able_to_login_successfully_and_should_see_dashboard_page() {
    // Write code here that turns the phrase above into concrete actions
    throw new io.cucumber.java.PendingException();
}

at ✽.the User on the page "https://opensource-demo.orangehrmlive.com/web/index.php/auth/login"(file:///C:/Users/Mylambigai/Selenium_basic/CucumberPageObjectModel/src/test/resources/featureFiles/Login.feature:5)
]]>
            </full-stacktrace>
          </exception> <!-- io.cucumber.testng.UndefinedStepException -->
          <reporter-output>
          </reporter-output>
        </test-method> <!-- runScenario -->
        <test-method is-config="true" signature="tearDownClass()[pri:0, instance:com.runner.FailedRun@1787bc24]" started-at="2026-05-11T11:25:51 IST" name="tearDownClass" finished-at="2026-05-11T11:25:51 IST" duration-ms="3" status="PASS">
          <reporter-output>
          </reporter-output>
        </test-method> <!-- tearDownClass -->
      </class> <!-- com.runner.FailedRun -->
    </test> <!-- Default test -->
  </suite> <!-- Default suite -->
</testng-results>
