<?xml version="1.0" encoding="UTF-8"?>
<!-- Generated by org.testng.reporters.JUnitXMLReporter -->
<testsuite ignored="9" hostname="LAPTOP-QBINBLAF" failures="0" tests="0" time="0.014" errors="0" timestamp="2026-04-17T15:43:13 IST">
  <testcase classname="com.test.AnnotationUse" name="logout" time="0.0">
    <ignored/>
  </testcase> <!-- logout -->
  <testcase classname="com.test.NewTest" name="valid" time="0.0">
    <ignored/>
  </testcase> <!-- valid -->
  <testcase classname="com.test.NewTest" name="Invalid1" time="0.0">
    <ignored/>
  </testcase> <!-- Invalid1 -->
  <testcase classname="com.test.LoginDemoblaze" name="login" time="0.0">
    <ignored/>
  </testcase> <!-- login -->
  <testcase classname="com.test.AnnotationUse" name="login" time="0.0">
    <ignored/>
  </testcase> <!-- login -->
  <testcase classname="com.test.A" name="d" time="0.0">
    <ignored/>
  </testcase> <!-- d -->
  <testcase classname="com.test.NewTest" name="Ivalid2" time="0.0">
    <ignored/>
  </testcase> <!-- Ivalid2 -->
  <testcase classname="com.test.A" name="b" time="0.0">
    <ignored/>
  </testcase> <!-- b -->
  <testcase classname="com.test.A" name="c" time="0.0">
    <ignored/>
  </testcase> <!-- c -->
</testsuite>
