<?xml version="1.0" encoding="UTF-8"?>
<testng-results ignored="0" total="2" passed="2" failed="0" skipped="0">
  <reporter-output>
  </reporter-output>
  <suite started-at="2026-04-28T15:38:13 IST" name="Suite" finished-at="2026-04-28T15:38:54 IST" duration-ms="40340">
    <groups>
    </groups>
    <test started-at="2026-04-28T15:38:13 IST" name="Test" finished-at="2026-04-28T15:38:54 IST" duration-ms="40340">
      <class name="com.test.DashboardTest">
        <test-method is-config="true" signature="setUp()[pri:0, instance:com.test.DashboardTest@6025e1b6]" started-at="2026-04-28T15:38:13 IST" name="setUp" finished-at="2026-04-28T15:38:22 IST" duration-ms="8769" status="PASS">
          <reporter-output>
          </reporter-output>
        </test-method> <!-- setUp -->
        <test-method signature="dashboardTest()[pri:0, instance:com.test.DashboardTest@6025e1b6]" started-at="2026-04-28T15:38:22 IST" name="dashboardTest" finished-at="2026-04-28T15:38:39 IST" duration-ms="16770" status="PASS">
          <reporter-output>
          </reporter-output>
        </test-method> <!-- dashboardTest -->
        <test-method is-config="true" signature="afterClass()[pri:0, instance:com.test.DashboardTest@6025e1b6]" started-at="2026-04-28T15:38:39 IST" name="afterClass" finished-at="2026-04-28T15:38:39 IST" duration-ms="183" status="PASS">
          <reporter-output>
          </reporter-output>
        </test-method> <!-- afterClass -->
      </class> <!-- com.test.DashboardTest -->
      <class name="com.test.LoginTest">
        <test-method is-config="true" signature="setUp()[pri:0, instance:com.test.LoginTest@22ff4249]" started-at="2026-04-28T15:38:39 IST" name="setUp" finished-at="2026-04-28T15:38:50 IST" duration-ms="11199" status="PASS">
          <reporter-output>
          </reporter-output>
        </test-method> <!-- setUp -->
        <test-method signature="loginTest()[pri:0, instance:com.test.LoginTest@22ff4249]" started-at="2026-04-28T15:38:50 IST" name="loginTest" finished-at="2026-04-28T15:38:53 IST" duration-ms="3173" status="PASS">
          <reporter-output>
          </reporter-output>
        </test-method> <!-- loginTest -->
        <test-method is-config="true" signature="afterClass()[pri:0, instance:com.test.LoginTest@22ff4249]" started-at="2026-04-28T15:38:53 IST" name="afterClass" finished-at="2026-04-28T15:38:54 IST" duration-ms="166" status="PASS">
          <reporter-output>
          </reporter-output>
        </test-method> <!-- afterClass -->
      </class> <!-- com.test.LoginTest -->
    </test> <!-- Test -->
  </suite> <!-- Suite -->
</testng-results>
