<?xml version="1.0" encoding="UTF-8"?>
<!-- Generated by org.testng.reporters.JUnitXMLReporter -->
<testsuite ignored="0" hostname="LAPTOP-QBINBLAF" failures="0" tests="3" name="Default test" time="16.931" errors="0" timestamp="2026-04-21T15:43:48 IST">
  <testcase classname="com.test.LoginTest" name="Invalid1" time="2.584"/>
  <testcase classname="com.test.LoginTest" name="Invalid1" time="2.264"/>
  <testcase classname="com.test.LoginTest" name="valid" time="3.207"/>
</testsuite> <!-- Default test -->
