<?xml version="1.0" encoding="UTF-8"?>
<!-- Generated by org.testng.reporters.JUnitXMLReporter -->
<testsuite ignored="0" hostname="LAPTOP-QBINBLAF" failures="0" tests="3" name="Default test" time="55.272" errors="0" timestamp="2026-04-28T21:27:20 IST">
  <testcase classname="com.test.LoginTest" name="Invalid1" time="3.706"/>
  <testcase classname="com.test.LoginTest" name="Invalid1" time="3.615"/>
  <testcase classname="com.test.LoginTest" name="valid" time="13.009"/>
</testsuite> <!-- Default test -->
