<?xml version="1.0" encoding="UTF-8"?>
<!-- Generated by org.testng.reporters.JUnitXMLReporter -->
<testsuite ignored="0" hostname="LAPTOP-QBINBLAF" failures="1" tests="2" name="Test" time="0.072" errors="0" timestamp="2026-05-10T17:44:02 IST">
  <testcase classname="com.test.DashboardTest" name="f" time="0.014"/>
  <testcase classname="com.test.LoginTest" name="validLogin" time="0.0">
    <failure type="org.testng.TestNGException" message="
Method public void com.test.LoginTest.validLogin(java.lang.String,java.lang.String) requires a @DataProvider named : valid in class com.utilities.DPClass">
      <![CDATA[org.testng.TestNGException: 
Method public void com.test.LoginTest.validLogin(java.lang.String,java.lang.String) requires a @DataProvider named : valid in class com.utilities.DPClass
at java.base/java.util.ArrayList.forEach(ArrayList.java:1596)
... Removed 24 stack frames]]>
    </failure>
  </testcase> <!-- validLogin -->
</testsuite> <!-- Test -->
