<?xml version="1.0" encoding="UTF-8"?>
<testng-results ignored="0" total="3" passed="3" failed="0" skipped="0">
  <reporter-output>
  </reporter-output>
  <suite started-at="2026-05-04T14:24:42 IST" name="Suite" finished-at="2026-05-04T14:24:58 IST" duration-ms="16223">
    <groups>
    </groups>
    <test started-at="2026-05-04T14:24:42 IST" name="Test" finished-at="2026-05-04T14:24:58 IST" duration-ms="16223">
      <class name="com.test.LoginTest">
        <test-method is-config="true" signature="setup()[pri:0, instance:com.test.LoginTest@363a52f]" started-at="2026-05-04T14:24:43 IST" name="setup" finished-at="2026-05-04T14:24:55 IST" duration-ms="11225" status="PASS">
          <reporter-output>
          </reporter-output>
        </test-method> <!-- setup -->
        <test-method is-config="true" signature="setup()[pri:0, instance:com.test.LoginTest@363a52f]" started-at="2026-05-04T14:24:43 IST" name="setup" finished-at="2026-05-04T14:24:55 IST" duration-ms="11410" status="PASS">
          <reporter-output>
          </reporter-output>
        </test-method> <!-- setup -->
        <test-method is-config="true" signature="setup()[pri:0, instance:com.test.LoginTest@363a52f]" started-at="2026-05-04T14:24:43 IST" name="setup" finished-at="2026-05-04T14:24:55 IST" duration-ms="11638" status="PASS">
          <reporter-output>
          </reporter-output>
        </test-method> <!-- setup -->
        <test-method signature="Invalid1(java.lang.String,java.lang.String)[pri:0, instance:com.test.LoginTest@363a52f]" started-at="2026-05-04T14:24:55 IST" name="Invalid1" data-provider="invalidData" finished-at="2026-05-04T14:24:57 IST" duration-ms="2838" status="PASS">
          <params>
            <param index="0">
              <value>
                <![CDATA[mylu]]>
              </value>
            </param>
            <param index="1">
              <value>
                <![CDATA[myl]]>
              </value>
            </param>
          </params>
          <reporter-output>
          </reporter-output>
        </test-method> <!-- Invalid1 -->
        <test-method signature="valid(java.lang.String,java.lang.String)[pri:0, instance:com.test.LoginTest@363a52f]" started-at="2026-05-04T14:24:55 IST" name="valid" data-provider="validData" finished-at="2026-05-04T14:24:58 IST" duration-ms="3445" status="PASS">
          <params>
            <param index="0">
              <value>
                <![CDATA[mylu]]>
              </value>
            </param>
            <param index="1">
              <value>
                <![CDATA[myl0616]]>
              </value>
            </param>
          </params>
          <reporter-output>
          </reporter-output>
        </test-method> <!-- valid -->
        <test-method signature="Invalid1(java.lang.String,java.lang.String)[pri:0, instance:com.test.LoginTest@363a52f]" started-at="2026-05-04T14:24:55 IST" name="Invalid1" data-provider="invalidData" finished-at="2026-05-04T14:24:58 IST" duration-ms="2818" status="PASS">
          <params>
            <param index="0">
              <value>
                <![CDATA[myl]]>
              </value>
            </param>
            <param index="1">
              <value>
                <![CDATA[mylu0616]]>
              </value>
            </param>
          </params>
          <reporter-output>
          </reporter-output>
        </test-method> <!-- Invalid1 -->
        <test-method is-config="true" signature="tearDown()[pri:0, instance:com.test.LoginTest@363a52f]" started-at="2026-05-04T14:24:57 IST" name="tearDown" finished-at="2026-05-04T14:24:58 IST" duration-ms="429" status="PASS">
          <reporter-output>
          </reporter-output>
        </test-method> <!-- tearDown -->
        <test-method is-config="true" signature="tearDown()[pri:0, instance:com.test.LoginTest@363a52f]" started-at="2026-05-04T14:24:58 IST" name="tearDown" finished-at="2026-05-04T14:24:58 IST" duration-ms="314" status="PASS">
          <reporter-output>
          </reporter-output>
        </test-method> <!-- tearDown -->
        <test-method is-config="true" signature="tearDown()[pri:0, instance:com.test.LoginTest@363a52f]" started-at="2026-05-04T14:24:58 IST" name="tearDown" finished-at="2026-05-04T14:24:58 IST" duration-ms="222" status="PASS">
          <reporter-output>
          </reporter-output>
        </test-method> <!-- tearDown -->
      </class> <!-- com.test.LoginTest -->
    </test> <!-- Test -->
  </suite> <!-- Suite -->
</testng-results>
