<?xml version="1.0" encoding="UTF-8"?>
<testng-results ignored="0" total="3" passed="3" failed="0" skipped="0">
  <reporter-output>
  </reporter-output>
  <suite started-at="2026-04-27T23:36:09 IST" name="Default suite" finished-at="2026-04-27T23:36:41 IST" duration-ms="32370">
    <groups>
    </groups>
    <test started-at="2026-04-27T23:36:09 IST" name="Default test" finished-at="2026-04-27T23:36:41 IST" duration-ms="32370">
      <class name="com.test.LoginTest">
        <test-method is-config="true" signature="setup()[pri:0, instance:com.test.LoginTest@5ddf0d24]" started-at="2026-04-27T23:36:10 IST" name="setup" finished-at="2026-04-27T23:36:24 IST" duration-ms="14662" status="PASS">
          <reporter-output>
          </reporter-output>
        </test-method> <!-- setup -->
        <test-method is-config="true" signature="setup()[pri:0, instance:com.test.LoginTest@5ddf0d24]" started-at="2026-04-27T23:36:10 IST" name="setup" finished-at="2026-04-27T23:36:23 IST" duration-ms="13515" status="PASS">
          <reporter-output>
          </reporter-output>
        </test-method> <!-- setup -->
        <test-method signature="Invalid1(java.lang.String,java.lang.String)[pri:0, instance:com.test.LoginTest@5ddf0d24]" started-at="2026-04-27T23:36:23 IST" name="Invalid1" data-provider="invalidData" finished-at="2026-04-27T23:36:25 IST" duration-ms="2433" status="PASS">
          <params>
            <param index="0">
              <value>
                <![CDATA[mylu]]>
              </value>
            </param>
            <param index="1">
              <value>
                <![CDATA[myl]]>
              </value>
            </param>
          </params>
          <reporter-output>
          </reporter-output>
        </test-method> <!-- Invalid1 -->
        <test-method signature="Invalid1(java.lang.String,java.lang.String)[pri:0, instance:com.test.LoginTest@5ddf0d24]" started-at="2026-04-27T23:36:24 IST" name="Invalid1" data-provider="invalidData" finished-at="2026-04-27T23:36:27 IST" duration-ms="2458" status="PASS">
          <params>
            <param index="0">
              <value>
                <![CDATA[myl]]>
              </value>
            </param>
            <param index="1">
              <value>
                <![CDATA[mylu0616]]>
              </value>
            </param>
          </params>
          <reporter-output>
          </reporter-output>
        </test-method> <!-- Invalid1 -->
        <test-method is-config="true" signature="tearDown()[pri:0, instance:com.test.LoginTest@5ddf0d24]" started-at="2026-04-27T23:36:25 IST" name="tearDown" finished-at="2026-04-27T23:36:26 IST" duration-ms="298" status="PASS">
          <reporter-output>
          </reporter-output>
        </test-method> <!-- tearDown -->
        <test-method is-config="true" signature="tearDown()[pri:0, instance:com.test.LoginTest@5ddf0d24]" started-at="2026-04-27T23:36:27 IST" name="tearDown" finished-at="2026-04-27T23:36:27 IST" duration-ms="189" status="PASS">
          <reporter-output>
          </reporter-output>
        </test-method> <!-- tearDown -->
        <test-method is-config="true" signature="setup()[pri:0, instance:com.test.LoginTest@5ddf0d24]" started-at="2026-04-27T23:36:27 IST" name="setup" finished-at="2026-04-27T23:36:32 IST" duration-ms="5075" status="PASS">
          <reporter-output>
          </reporter-output>
        </test-method> <!-- setup -->
        <test-method signature="valid(java.lang.String,java.lang.String)[pri:0, instance:com.test.LoginTest@5ddf0d24]" started-at="2026-04-27T23:36:32 IST" name="valid" data-provider="validData" finished-at="2026-04-27T23:36:41 IST" duration-ms="9243" status="PASS">
          <params>
            <param index="0">
              <value>
                <![CDATA[mylu]]>
              </value>
            </param>
            <param index="1">
              <value>
                <![CDATA[myl0616]]>
              </value>
            </param>
          </params>
          <reporter-output>
          </reporter-output>
        </test-method> <!-- valid -->
        <test-method is-config="true" signature="tearDown()[pri:0, instance:com.test.LoginTest@5ddf0d24]" started-at="2026-04-27T23:36:41 IST" name="tearDown" finished-at="2026-04-27T23:36:41 IST" duration-ms="255" status="PASS">
          <reporter-output>
          </reporter-output>
        </test-method> <!-- tearDown -->
      </class> <!-- com.test.LoginTest -->
    </test> <!-- Default test -->
  </suite> <!-- Default suite -->
</testng-results>
