<?xml version="1.0" encoding="UTF-8"?>
<testng-results ignored="0" total="1" passed="0" failed="1" skipped="0">
  <reporter-output>
  </reporter-output>
  <suite started-at="2026-05-05T12:35:32 IST" name="Default suite" finished-at="2026-05-05T12:35:45 IST" duration-ms="12972">
    <groups>
      <group name="cucumber">
        <method signature="AbstractTestNGCucumberTests.runScenario(io.cucumber.testng.PickleWrapper,io.cucumber.testng.FeatureWrapper)[pri:0, instance:runner.dataTableRunner@18078bef]" name="runScenario" class="io.cucumber.testng.AbstractTestNGCucumberTests"/>
      </group> <!-- cucumber -->
    </groups>
    <test started-at="2026-05-05T12:35:32 IST" name="Default test" finished-at="2026-05-05T12:35:45 IST" duration-ms="12972">
      <class name="runner.dataTableRunner">
        <test-method is-config="true" signature="setUpClass(org.testng.ITestContext)[pri:0, instance:runner.dataTableRunner@18078bef]" started-at="2026-05-05T12:35:32 IST" name="setUpClass" finished-at="2026-05-05T12:35:32 IST" duration-ms="434" status="PASS">
          <params>
            <param index="0">
              <value>
                <![CDATA[org.testng.TestRunner@58e92c23]]>
              </value>
            </param>
          </params>
          <reporter-output>
          </reporter-output>
        </test-method> <!-- setUpClass -->
        <test-method signature="runScenario(io.cucumber.testng.PickleWrapper,io.cucumber.testng.FeatureWrapper)[pri:0, instance:runner.dataTableRunner@18078bef]" started-at="2026-05-05T12:35:32 IST" name="runScenario" description="Runs Cucumber Scenarios" data-provider="scenarios" finished-at="2026-05-05T12:35:45 IST" duration-ms="12483" status="FAIL">
          <params>
            <param index="0">
              <value>
                <![CDATA["Given User on the Login page"]]>
              </value>
            </param>
            <param index="1">
              <value>
                <![CDATA["Example of Scenario outline"]]>
              </value>
            </param>
          </params>
          <exception class="io.cucumber.testng.UndefinedStepException">
            <message>
              <![CDATA[The step 'User click on the Login link' and 3 other step(s) are undefined.
You can implement these steps using the snippet(s) below:

@Given("User click on the Login link")
public void user_click_on_the_login_link() {
    // Write code here that turns the phrase above into concrete actions
    throw new io.cucumber.java.PendingException();
}
@When("the User enters username as and the password as")
public void the_user_enters_username_as_and_the_password_as(io.cucumber.datatable.DataTable dataTable) {
    // Write code here that turns the phrase above into concrete actions
    // For automatic transformation, change DataTable to one of
    // E, List<E>, List<List<E>>, List<Map<K,V>>, Map<K,V> or
    // Map<K, List<V>>. E,K,V must be a String, Integer, Float,
    // Double, Byte, Short, Long, BigInteger or BigDecimal.
    //
    // For other transformations you can register a DataTableType.
    throw new io.cucumber.java.PendingException();
}
@When("Click on the login button")
public void click_on_the_login_button() {
    // Write code here that turns the phrase above into concrete actions
    throw new io.cucumber.java.PendingException();
}
@Then("User get the message like {string}")
public void user_get_the_message_like(String string) {
    // Write code here that turns the phrase above into concrete actions
    throw new io.cucumber.java.PendingException();
}
]]>
            </message>
            <full-stacktrace>
              <![CDATA[io.cucumber.testng.UndefinedStepException: The step 'User click on the Login link' and 3 other step(s) are undefined.
You can implement these steps using the snippet(s) below:

@Given("User click on the Login link")
public void user_click_on_the_login_link() {
    // Write code here that turns the phrase above into concrete actions
    throw new io.cucumber.java.PendingException();
}
@When("the User enters username as and the password as")
public void the_user_enters_username_as_and_the_password_as(io.cucumber.datatable.DataTable dataTable) {
    // Write code here that turns the phrase above into concrete actions
    // For automatic transformation, change DataTable to one of
    // E, List<E>, List<List<E>>, List<Map<K,V>>, Map<K,V> or
    // Map<K, List<V>>. E,K,V must be a String, Integer, Float,
    // Double, Byte, Short, Long, BigInteger or BigDecimal.
    //
    // For other transformations you can register a DataTableType.
    throw new io.cucumber.java.PendingException();
}
@When("Click on the login button")
public void click_on_the_login_button() {
    // Write code here that turns the phrase above into concrete actions
    throw new io.cucumber.java.PendingException();
}
@Then("User get the message like {string}")
public void user_get_the_message_like(String string) {
    // Write code here that turns the phrase above into concrete actions
    throw new io.cucumber.java.PendingException();
}

at ✽.User click on the Login link(file:///C:/Users/Mylambigai/Selenium_basic/CucumberDemo/src/test/resources/featureFile/dataTable.feature:5)
]]>
            </full-stacktrace>
          </exception> <!-- io.cucumber.testng.UndefinedStepException -->
          <reporter-output>
          </reporter-output>
        </test-method> <!-- runScenario -->
        <test-method is-config="true" signature="tearDownClass()[pri:0, instance:runner.dataTableRunner@18078bef]" started-at="2026-05-05T12:35:45 IST" name="tearDownClass" finished-at="2026-05-05T12:35:45 IST" duration-ms="21" status="PASS">
          <reporter-output>
          </reporter-output>
        </test-method> <!-- tearDownClass -->
      </class> <!-- runner.dataTableRunner -->
    </test> <!-- Default test -->
  </suite> <!-- Default suite -->
</testng-results>
