<?xml version="1.0" encoding="UTF-8"?>
<!-- Generated by org.testng.reporters.JUnitReportReporter -->
<testsuite hostname="LAPTOP-QBINBLAF" failures="0" tests="5" name="com.test.LoginAndSearch" time="26.820" errors="0" timestamp="2026-04-22T16:16:46 IST" skipped="0">
  <testcase classname="com.test.LoginAndSearch" name="invalidLogin" time="5.916"/>
  <testcase classname="com.test.LoginAndSearch" name="invalidSearch" time="3.715"/>
  <testcase classname="com.test.LoginAndSearch" name="validSearch" time="5.025"/>
  <testcase classname="com.test.LoginAndSearch" name="invalidLogin" time="5.855"/>
  <testcase classname="com.test.LoginAndSearch" name="validLogin" time="6.309"/>
</testsuite> <!-- com.test.LoginAndSearch -->
