<?xml version="1.0" encoding="UTF-8"?>
<!-- Generated by org.testng.reporters.JUnitReportReporter -->
<testsuite hostname="LAPTOP-QBINBLAF" failures="0" tests="5" name="com.test.LoginAndSearch" time="56.501" errors="0" timestamp="2026-04-29T12:40:41 IST" skipped="0">
  <testcase classname="com.test.LoginAndSearch" name="invalidLogin" time="19.344"/>
  <testcase classname="com.test.LoginAndSearch" name="validSearch" time="4.148"/>
  <testcase classname="com.test.LoginAndSearch" name="validLogin" time="9.468"/>
  <testcase classname="com.test.LoginAndSearch" name="invalidSearch" time="4.184"/>
  <testcase classname="com.test.LoginAndSearch" name="invalidLogin" time="19.357"/>
</testsuite> <!-- com.test.LoginAndSearch -->
