<?xml version="1.0" encoding="UTF-8"?>
<!-- Generated by org.testng.reporters.JUnitXMLReporter -->
<testsuite ignored="0" hostname="LAPTOP-QBINBLAF" failures="0" tests="5" name="Default test" time="21.279" errors="0" timestamp="2026-04-22T16:16:46 IST">
  <testcase classname="com.test.LoginAndSearch" name="invalidLogin" time="2.042"/>
  <testcase classname="com.test.LoginAndSearch" name="invalidLogin" time="2.248"/>
  <testcase classname="com.test.LoginAndSearch" name="invalidSearch" time="0.658"/>
  <testcase classname="com.test.LoginAndSearch" name="validLogin" time="1.87"/>
  <testcase classname="com.test.LoginAndSearch" name="validSearch" time="0.733"/>
</testsuite> <!-- Default test -->
