<?xml version="1.0" encoding="UTF-8"?>
<!-- Generated by org.testng.reporters.JUnitReportReporter -->
<testsuite hostname="LAPTOP-QBINBLAF" failures="0" tests="4" name="com.test.Dependents" time="0.018" errors="0" timestamp="2026-04-19T14:29:44 IST" skipped="0">
  <testcase classname="com.test.Dependents" name="B" time="0.012"/>
  <testcase classname="com.test.Dependents" name="D" time="0.001"/>
  <testcase classname="com.test.Dependents" name="A" time="0.003"/>
  <testcase classname="com.test.Dependents" name="C" time="0.002"/>
</testsuite> <!-- com.test.Dependents -->
