<?xml version="1.0" encoding="UTF-8"?>
<!-- Generated by org.testng.reporters.JUnitReportReporter -->
<testsuite hostname="LAPTOP-QBINBLAF" failures="0" tests="3" name="com.test.NewTest" time="15.351" errors="0" timestamp="2026-04-20T15:57:51 IST" skipped="0">
  <testcase classname="com.test.NewTest" name="Invalid1" time="4.967"/>
  <testcase classname="com.test.NewTest" name="valid" time="6.394"/>
  <testcase classname="com.test.NewTest" name="Invalid1" time="3.990"/>
</testsuite> <!-- com.test.NewTest -->
