<?xml version="1.0" encoding="UTF-8"?>
<!-- Generated by org.testng.reporters.JUnitReportReporter -->
<testsuite hostname="LAPTOP-QBINBLAF" failures="0" tests="3" name="com.test.DataProviderDemo_1" time="20.427" errors="0" timestamp="2026-04-20T15:28:52 IST" skipped="0">
  <testcase classname="com.test.DataProviderDemo_1" name="search" time="7.578"/>
  <testcase classname="com.test.DataProviderDemo_1" name="search" time="5.723"/>
  <testcase classname="com.test.DataProviderDemo_1" name="search" time="7.126"/>
</testsuite> <!-- com.test.DataProviderDemo_1 -->
