<?xml version="1.0" encoding="UTF-8"?>
<!-- Generated by org.testng.reporters.JUnitReportReporter -->
<testsuite hostname="LAPTOP-QBINBLAF" failures="0" tests="3" name="runner.ScenarioOutlineRunner" time="25.432" errors="0" timestamp="2026-05-05T11:11:56 IST" skipped="0">
  <testcase classname="runner.ScenarioOutlineRunner" name="runScenario" time="7.555"/>
  <testcase classname="runner.ScenarioOutlineRunner" name="runScenario" time="8.853"/>
  <testcase classname="runner.ScenarioOutlineRunner" name="runScenario" time="9.024"/>
</testsuite> <!-- runner.ScenarioOutlineRunner -->
