<?xml version="1.0" encoding="UTF-8"?>
<!-- Generated by org.testng.reporters.JUnitXMLReporter -->
<testsuite ignored="0" hostname="LAPTOP-QBINBLAF" failures="1" tests="1" name="Default test" time="0.267" errors="0" timestamp="2026-05-11T11:25:51 IST">
  <testcase classname="io.cucumber.testng.AbstractTestNGCucumberTests" name="runScenario" time="0.084">
    <failure type="io.cucumber.testng.UndefinedStepException" message="The step &amp;apos;the User on the page &amp;quot;https://opensource-demo.orangehrmlive.com/web/index.php/auth/login&amp;quot;&amp;apos; and 2 other step(s) are undefined.
You can implement these steps using the snippet(s) below:

@Given(&amp;quot;the User on the page {string}&amp;quot;)
public void the_user_on_the_page(String string) {
    // Write code here that turns the phrase above into concrete actions
    throw new io.cucumber.java.PendingException();
}
@When(&amp;quot;the User enters valid username and password and click on login button&amp;quot;)
public void the_user_enters_valid_username_and_password_and_click_on_login_button() {
    // Write code here that turns the phrase above into concrete actions
    throw new io.cucumber.java.PendingException();
}
@Then(&amp;quot;the User should able to login successfully and should see dashboard page&amp;quot;)
public void the_user_should_able_to_login_successfully_and_should_see_dashboard_page() {
    // Write code here that turns the phrase above into concrete actions
    throw new io.cucumber.java.PendingException();
}
">
      <![CDATA[io.cucumber.testng.UndefinedStepException: The step 'the User on the page "https://opensource-demo.orangehrmlive.com/web/index.php/auth/login"' and 2 other step(s) are undefined.
You can implement these steps using the snippet(s) below:

@Given("the User on the page {string}")
public void the_user_on_the_page(String string) {
    // Write code here that turns the phrase above into concrete actions
    throw new io.cucumber.java.PendingException();
}
@When("the User enters valid username and password and click on login button")
public void the_user_enters_valid_username_and_password_and_click_on_login_button() {
    // Write code here that turns the phrase above into concrete actions
    throw new io.cucumber.java.PendingException();
}
@Then("the User should able to login successfully and should see dashboard page")
public void the_user_should_able_to_login_successfully_and_should_see_dashboard_page() {
    // Write code here that turns the phrase above into concrete actions
    throw new io.cucumber.java.PendingException();
}

at ✽.the User on the page "https://opensource-demo.orangehrmlive.com/web/index.php/auth/login"(file:///C:/Users/Mylambigai/Selenium_basic/CucumberPageObjectModel/src/test/resources/featureFiles/Login.feature:5)
]]>
    </failure>
  </testcase> <!-- runScenario -->
</testsuite> <!-- Default test -->
